<?xml version="1.0" encoding="UTF-8"?>
<testng-results ignored="0" total="2" passed="2" failed="0" skipped="0">
  <reporter-output>
  </reporter-output>
  <suite started-at="2024-07-15T23:37:56 CDT" name="Default suite" finished-at="2024-07-15T23:38:06 CDT" duration-ms="9855">
    <groups>
    </groups>
    <test started-at="2024-07-15T23:37:56 CDT" name="Default test" finished-at="2024-07-15T23:38:06 CDT" duration-ms="9855">
      <class name="com.test.WebElementList">
        <test-method is-config="true" signature="Initalization()[pri:0, instance:com.test.WebElementList@5656be13]" started-at="2024-07-15T23:37:56 CDT" name="Initalization" finished-at="2024-07-15T23:38:02 CDT" duration-ms="6644" status="PASS">
          <reporter-output>
          </reporter-output>
        </test-method> <!-- Initalization -->
        <test-method signature="MouseHovering()[pri:1, instance:com.test.WebElementList@5656be13]" started-at="2024-07-15T23:38:02 CDT" name="MouseHovering" finished-at="2024-07-15T23:38:05 CDT" duration-ms="2375" status="PASS">
          <reporter-output>
          </reporter-output>
        </test-method> <!-- MouseHovering -->
        <test-method signature="DropDown()[pri:2, instance:com.test.WebElementList@5656be13]" started-at="2024-07-15T23:38:05 CDT" name="DropDown" finished-at="2024-07-15T23:38:05 CDT" duration-ms="565" status="PASS">
          <reporter-output>
          </reporter-output>
        </test-method> <!-- DropDown -->
        <test-method is-config="true" signature="cleanUp()[pri:0, instance:com.test.WebElementList@5656be13]" started-at="2024-07-15T23:38:05 CDT" name="cleanUp" finished-at="2024-07-15T23:38:06 CDT" duration-ms="231" status="PASS">
          <reporter-output>
          </reporter-output>
        </test-method> <!-- cleanUp -->
      </class> <!-- com.test.WebElementList -->
    </test> <!-- Default test -->
  </suite> <!-- Default suite -->
</testng-results>
